This is pdfTeX, Version 3.141592653-2.6-1.40.24 (TeX Live 2022) (preloaded format=pdflatex 2023.1.8)  6 MAR 2026 09:46
entering extended mode
 restricted \write18 enabled.
 file:line:error style messages enabled.
 %&-line parsing enabled.
**"/Users/davidabelson/Library/CloudStorage/OneDrive-UniversityofCambridge/Funding applications/UKRI_fellowship_application/application/3_approach/3_Approach.tex"
(/Users/davidabelson/Library/CloudStorage/OneDrive-UniversityofCambridge/Funding applications/UKRI_fellowship_application/application/3_approach/3_Approach.tex
LaTeX2e <2021-11-15> patch level 1
L3 programming layer <2022-02-24> (/usr/local/texlive/2022/texmf-dist/tex/latex/base/article.cls
Document Class: article 2021/10/04 v1.4n Standard LaTeX document class
(/usr/local/texlive/2022/texmf-dist/tex/latex/base/size10.clo
File: size10.clo 2021/10/04 v1.4n Standard LaTeX file (size option)
)
\c@part=\count185
\c@section=\count186
\c@subsection=\count187
\c@subsubsection=\count188
\c@paragraph=\count189
\c@subparagraph=\count190
\c@figure=\count191
\c@table=\count192
\abovecaptionskip=\skip47
\belowcaptionskip=\skip48
\bibindent=\dimen138
) (/usr/local/texlive/2022/texmf-dist/tex/latex/l3backend/l3backend-pdftex.def
File: l3backend-pdftex.def 2022-02-07 L3 backend support: PDF output (pdfTeX)
\l__color_backend_stack_int=\count193
\l__pdf_internal_box=\box50
) (./3_Approach.aux)
\openout1 = `3_Approach.aux'.

LaTeX Font Info:    Checking defaults for OML/cmm/m/it on input line 3.
LaTeX Font Info:    ... okay on input line 3.
LaTeX Font Info:    Checking defaults for OMS/cmsy/m/n on input line 3.
LaTeX Font Info:    ... okay on input line 3.
LaTeX Font Info:    Checking defaults for OT1/cmr/m/n on input line 3.
LaTeX Font Info:    ... okay on input line 3.
LaTeX Font Info:    Checking defaults for T1/cmr/m/n on input line 3.
LaTeX Font Info:    ... okay on input line 3.
LaTeX Font Info:    Checking defaults for TS1/cmr/m/n on input line 3.
LaTeX Font Info:    ... okay on input line 3.
LaTeX Font Info:    Checking defaults for OMX/cmex/m/n on input line 3.
LaTeX Font Info:    ... okay on input line 3.
LaTeX Font Info:    Checking defaults for U/cmr/m/n on input line 3.
LaTeX Font Info:    ... okay on input line 3.
 [1

{/usr/local/texlive/2022/texmf-var/fonts/map/pdftex/updmap/pdftex.map}] [2]
/Users/davidabelson/Library/CloudStorage/OneDrive-UniversityofCambridge/Funding applications/UKRI_fellowship_application/application/3_approach/3_Approach.tex:32: Misplaced alignment tab character &.
l.32 ... susceptible bacteria (O'Brien, Figueroa &
                                                   Welch, ISME J 2022). Seco...
I can't figure out why you would want to use a tab mark
here. If you just want an ampersand, the remedy is
simple: Just type `I\&' now. But if some right brace
up above has ended a previous alignment prematurely,
you're probably due for more error messages, and you
might try typing `S' now just to see what is salvageable.


Overfull \hbox (10.5472pt too wide) in paragraph at lines 38--38
\OT1/cmr/bx/n/12 tion of \OT1/cmr/bx/it/12 Kleb-siella pneu-mo-niae\OT1/cmr/bx/n/12 , a Global AMR Pathogen 
 []

[3]
Overfull \hbox (7.6812pt too wide) in paragraph at lines 55--56
[]\OT1/cmr/m/n/10 Collaboratively ex-tend-ing Pa-na-roo, with the Lee lab and Gerry Tonkin-
 []

[4]
/Users/davidabelson/Library/CloudStorage/OneDrive-UniversityofCambridge/Funding applications/UKRI_fellowship_application/application/3_approach/3_Approach.tex:73: You can't use `macro parameter character #' in vertical mode.
l.73 #
      ## WP2. Predict Behaviour of *Klebsiella pneumoniae* and *Pseudomonas ...
Sorry, but I'm not programmed to handle this case;
I'll just pretend that you didn't ask for it.
If you're in the wrong mode, you might be able to
return to the right one by typing `I}' or `I$' or `I\par'.

/Users/davidabelson/Library/CloudStorage/OneDrive-UniversityofCambridge/Funding applications/UKRI_fellowship_application/application/3_approach/3_Approach.tex:73: You can't use `macro parameter character #' in vertical mode.
l.73 ##
       # WP2. Predict Behaviour of *Klebsiella pneumoniae* and *Pseudomonas ...
Sorry, but I'm not programmed to handle this case;
I'll just pretend that you didn't ask for it.
If you're in the wrong mode, you might be able to
return to the right one by typing `I}' or `I$' or `I\par'.

/Users/davidabelson/Library/CloudStorage/OneDrive-UniversityofCambridge/Funding applications/UKRI_fellowship_application/application/3_approach/3_Approach.tex:73: You can't use `macro parameter character #' in vertical mode.
l.73 ###
         WP2. Predict Behaviour of *Klebsiella pneumoniae* and *Pseudomonas ...
Sorry, but I'm not programmed to handle this case;
I'll just pretend that you didn't ask for it.
If you're in the wrong mode, you might be able to
return to the right one by typing `I}' or `I$' or `I\par'.

[5] [6] [7] [8] [9] [10] [11] (./3_Approach.aux) ) 
Here is how much of TeX's memory you used:
 415 strings out of 478268
 8066 string characters out of 5846348
 306893 words of memory out of 5000000
 18699 multiletter control sequences out of 15000+600000
 471817 words of font info for 36 fonts, out of 8000000 for 9000
 1141 hyphenation exceptions out of 8191
 34i,5n,38p,1680b,175s stack positions out of 10000i,1000n,20000p,200000b,200000s
{/usr/local/texlive/2022/texmf-dist/fonts/enc/dvips/cm-super/cm-super-ts1.enc}</usr/local/texlive/2022/texmf-dist/fonts/type1/public/amsfonts/cm/cmbx10.pfb></usr/local/texlive/2022/texmf-dist/fonts/type1/public/amsfonts/cm/cmbx12.pfb></usr/local/texlive/2022/texmf-dist/fonts/type1/public/amsfonts/cm/cmbxti10.pfb></usr/local/texlive/2022/texmf-dist/fonts/type1/public/amsfonts/cm/cmr10.pfb></usr/local/texlive/2022/texmf-dist/fonts/type1/public/amsfonts/cm/cmti10.pfb></usr/local/texlive/2022/texmf-dist/fonts/type1/public/cm-super/sfrm1000.pfb>
Output written on 3_Approach.pdf (11 pages, 121610 bytes).
PDF statistics:
 71 PDF objects out of 1000 (max. 8388607)
 45 compressed objects within 1 object stream
 0 named destinations out of 1000 (max. 500000)
 1 words of extra memory for PDF output out of 10000 (max. 10000000)

